<?xml version="1.0" encoding="UTF-8"?>
<!-- Generated by org.testng.reporters.JUnitXMLReporter -->
<testsuite hostname="SYNBLRLT-207" ignored="0" name="Test" tests="3" failures="0" timestamp="03 Mar 2019 04:07:36 GMT" time="26.599" errors="0">
  <testcase name="test1" time="12.512" classname="testCases.LoginTestCase"/>
  <testcase name="test1" time="9.94" classname="testCases.LoginTestCase"/>
  <testcase name="readExcel" time="1.632" classname="testCases.LoginExcel"/>
</testsuite> <!-- Test -->
