<?xml version="1.0" encoding="UTF-8"?>
<!-- Generated by org.testng.reporters.JUnitXMLReporter -->
<testsuite hostname="SYNBLRLT-207" ignored="0" name="Test" tests="3" failures="0" timestamp="01 Mar 2019 04:52:53 GMT" time="36.479" errors="0">
  <testcase name="test1" time="13.262" classname="testCases.LoginTestCase"/>
  <testcase name="test1" time="21.78" classname="testCases.LoginTestCase"/>
  <testcase name="readExcel" time="1.399" classname="testCases.LoginExcel"/>
</testsuite> <!-- Test -->
