<?xml version="1.0" encoding="UTF-8"?>
<testng-results skipped="0" failed="0" ignored="0" total="3" passed="3">
  <reporter-output>
  </reporter-output>
  <suite name="Suite" duration-ms="36479" started-at="2019-03-01T04:52:17Z" finished-at="2019-03-01T04:52:53Z">
    <groups>
    </groups>
    <test name="Test" duration-ms="36479" started-at="2019-03-01T04:52:17Z" finished-at="2019-03-01T04:52:53Z">
      <class name="testCases.LoginTestCase">
        <test-method status="PASS" signature="test1(java.lang.String, java.lang.String)[pri:0, instance:testCases.LoginTestCase@6366ebe0]" name="test1" duration-ms="13262" started-at="2019-03-01T04:52:17Z" data-provider="testdata" finished-at="2019-03-01T04:52:30Z">
          <params>
            <param index="0">
              <value>
                <![CDATA[hello]]>
              </value>
            </param>
            <param index="1">
              <value>
                <![CDATA[hi2132321]]>
              </value>
            </param>
          </params>
          <reporter-output>
          </reporter-output>
        </test-method> <!-- test1 -->
        <test-method status="PASS" signature="test1(java.lang.String, java.lang.String)[pri:0, instance:testCases.LoginTestCase@6366ebe0]" name="test1" duration-ms="21780" started-at="2019-03-01T04:52:30Z" data-provider="testdata" finished-at="2019-03-01T04:52:52Z">
          <params>
            <param index="0">
              <value>
                <![CDATA[hi]]>
              </value>
            </param>
            <param index="1">
              <value>
                <![CDATA[hi2132321]]>
              </value>
            </param>
          </params>
          <reporter-output>
          </reporter-output>
        </test-method> <!-- test1 -->
      </class> <!-- testCases.LoginTestCase -->
      <class name="testCases.LoginExcel">
        <test-method status="PASS" signature="readExcel()[pri:0, instance:testCases.LoginExcel@44f75083]" name="readExcel" duration-ms="1399" started-at="2019-03-01T04:52:52Z" finished-at="2019-03-01T04:52:53Z">
          <reporter-output>
          </reporter-output>
        </test-method> <!-- readExcel -->
      </class> <!-- testCases.LoginExcel -->
    </test> <!-- Test -->
  </suite> <!-- Suite -->
</testng-results>
