<?xml version="1.0" encoding="UTF-8"?>
<testng-results skipped="0" failed="0" ignored="0" total="3" passed="3">
  <reporter-output>
  </reporter-output>
  <suite name="Suite" duration-ms="26599" started-at="2019-03-03T04:07:09Z" finished-at="2019-03-03T04:07:36Z">
    <groups>
    </groups>
    <test name="Test" duration-ms="26599" started-at="2019-03-03T04:07:09Z" finished-at="2019-03-03T04:07:36Z">
      <class name="testCases.LoginTestCase">
        <test-method status="PASS" signature="test1(java.lang.String, java.lang.String)[pri:0, instance:testCases.LoginTestCase@25a65b77]" name="test1" duration-ms="12512" started-at="2019-03-03T04:07:09Z" data-provider="testdata" finished-at="2019-03-03T04:07:22Z">
          <params>
            <param index="0">
              <value>
                <![CDATA[hello]]>
              </value>
            </param>
            <param index="1">
              <value>
                <![CDATA[hi2132321]]>
              </value>
            </param>
          </params>
          <reporter-output>
          </reporter-output>
        </test-method> <!-- test1 -->
        <test-method status="PASS" signature="test1(java.lang.String, java.lang.String)[pri:0, instance:testCases.LoginTestCase@25a65b77]" name="test1" duration-ms="9940" started-at="2019-03-03T04:07:22Z" data-provider="testdata" finished-at="2019-03-03T04:07:32Z">
          <params>
            <param index="0">
              <value>
                <![CDATA[hi]]>
              </value>
            </param>
            <param index="1">
              <value>
                <![CDATA[hi2132321]]>
              </value>
            </param>
          </params>
          <reporter-output>
          </reporter-output>
        </test-method> <!-- test1 -->
        <test-method status="PASS" signature="quitbrowser()[pri:0, instance:testCases.LoginTestCase@25a65b77]" name="quitbrowser" is-config="true" duration-ms="2475" started-at="2019-03-03T04:07:33Z" finished-at="2019-03-03T04:07:36Z">
          <reporter-output>
          </reporter-output>
        </test-method> <!-- quitbrowser -->
      </class> <!-- testCases.LoginTestCase -->
      <class name="testCases.LoginExcel">
        <test-method status="PASS" signature="readExcel()[pri:0, instance:testCases.LoginExcel@2ed0fbae]" name="readExcel" duration-ms="1632" started-at="2019-03-03T04:07:32Z" finished-at="2019-03-03T04:07:33Z">
          <reporter-output>
          </reporter-output>
        </test-method> <!-- readExcel -->
      </class> <!-- testCases.LoginExcel -->
    </test> <!-- Test -->
  </suite> <!-- Suite -->
</testng-results>
